<?xml version="1.0" encoding="UTF-8"?>
<!-- Generated by org.testng.reporters.JUnitReportReporter -->
<testsuite skipped="0" hostname="LAPTOP-M5TUGDDQ" name="maypractisemaven.TestNGPractise.PractiseTestNG" tests="2" failures="0" timestamp="07 Jun 2019 21:22:56 GMT" time="0.009" errors="0">
  <testcase name="testMethod2" time="0.007" classname="maypractisemaven.TestNGPractise.PractiseTestNG"/>
  <testcase name="testMethod1" time="0.002" classname="maypractisemaven.TestNGPractise.PractiseTestNG"/>
</testsuite> <!-- maypractisemaven.TestNGPractise.PractiseTestNG -->
